<?xml version="1.0" encoding="UTF-8"?>
<!-- Generated by org.testng.reporters.JUnitXMLReporter -->
<testsuite hostname="DESKTOP-RETMNBO" ignored="7" name="Functional Testing" tests="12" failures="0" timestamp="2020-09-14T12:07:31 BST" time="0.181" errors="0">
  <testcase name="skipTest2" time="0.009" classname="ui.SkipDemoTest">
    <skipped/>
  </testcase> <!-- skipTest2 -->
  <testcase name="skipTest3" time="0.003" classname="ui.SkipDemoTest">
    <skipped/>
  </testcase> <!-- skipTest3 -->
  <testcase name="aTest1" time="0.003" classname="ui.LoginTest"/>
  <testcase name="aTest2" time="0.003" classname="ui.LoginTest"/>
  <testcase name="bTest3" time="0.001" classname="ui.GroupDemoTest2"/>
  <testcase name="bTest4" time="0.001" classname="ui.GroupDemoTest2"/>
  <testcase name="aTest1" time="0.003" classname="ui.GroupDemoTest2"/>
  <testcase name="bTest2" time="0.006" classname="ui.GroupDemoTest2"/>
  <testcase name="bTest3" time="0.01" classname="ui.GroupDemoTest"/>
  <testcase name="bTest4" time="0.002" classname="ui.GroupDemoTest"/>
  <testcase name="aTest1" time="0.005" classname="ui.GroupDemoTest"/>
  <testcase name="bTest2" time="0.003" classname="ui.GroupDemoTest"/>
  <testcase name="@AfterSuite dataTeardown" time="0.0" classname="common.CommonDataSetup">
    <ignored/>
  </testcase> <!-- @AfterSuite dataTeardown -->
  <testcase name="@AfterSuite dataTeardown" time="0.0" classname="common.CommonDataSetup">
    <ignored/>
  </testcase> <!-- @AfterSuite dataTeardown -->
  <testcase name="@AfterSuite dataTeardown" time="0.0" classname="common.CommonDataSetup">
    <ignored/>
  </testcase> <!-- @AfterSuite dataTeardown -->
  <testcase name="skipTest1" time="0.0" classname="ui.SkipDemoTest">
    <ignored/>
  </testcase> <!-- skipTest1 -->
  <testcase name="@BeforeSuite dataSetup" time="0.0" classname="common.CommonDataSetup">
    <ignored/>
  </testcase> <!-- @BeforeSuite dataSetup -->
  <testcase name="@BeforeSuite dataSetup" time="0.0" classname="common.CommonDataSetup">
    <ignored/>
  </testcase> <!-- @BeforeSuite dataSetup -->
  <testcase name="@BeforeSuite dataSetup" time="0.0" classname="common.CommonDataSetup">
    <ignored/>
  </testcase> <!-- @BeforeSuite dataSetup -->
</testsuite> <!-- Functional Testing -->
