<?xml version="1.0" encoding="UTF-8"?>
<!-- Generated by org.testng.reporters.JUnitXMLReporter -->
<testsuite hostname="DESKTOP-RETMNBO" ignored="2" name="Regression" tests="4" failures="0" timestamp="2020-09-14T09:30:19 BST" time="0.017" errors="0">
  <testcase name="aTest1" time="0.002" classname="ui.LoginTest"/>
  <testcase name="bTest3" time="0.001" classname="ui.GroupDemoTest"/>
  <testcase name="aTest1" time="0.001" classname="ui.GroupDemoTest"/>
  <testcase name="bTest2" time="0.002" classname="ui.GroupDemoTest"/>
  <testcase name="aTest2" time="0.0" classname="ui.LoginTest">
    <ignored/>
  </testcase> <!-- aTest2 -->
  <testcase name="bTest4" time="0.0" classname="ui.GroupDemoTest">
    <ignored/>
  </testcase> <!-- bTest4 -->
</testsuite> <!-- Regression -->
