<?xml version="1.0" encoding="UTF-8"?>
<!-- Generated by org.testng.reporters.JUnitXMLReporter -->
<testsuite hostname="DESKTOP-RETMNBO" ignored="2" name="GRP-regression" tests="4" failures="0" timestamp="2020-09-14T11:26:14 BST" time="0.077" errors="0">
  <testcase name="bTest3" time="0.007" classname="ui.GroupDemoTest"/>
  <testcase name="aTest1" time="0.002" classname="ui.GroupDemoTest"/>
  <testcase name="bTest2" time="0.002" classname="ui.GroupDemoTest"/>
  <testcase name="aTest1" time="0.002" classname="ui.LoginTest"/>
  <testcase name="aTest2" time="0.0" classname="ui.LoginTest">
    <ignored/>
  </testcase> <!-- aTest2 -->
  <testcase name="bTest4" time="0.0" classname="ui.GroupDemoTest">
    <ignored/>
  </testcase> <!-- bTest4 -->
</testsuite> <!-- GRP-regression -->
