<?xml version="1.0" encoding="UTF-8"?>
<!-- Generated by org.testng.reporters.JUnitXMLReporter -->
<testsuite hostname="DESKTOP-RETMNBO" ignored="0" name="Test Before Suite After Suite" tests="4" failures="0" timestamp="2020-09-14T12:07:31 BST" time="0.027" errors="0">
  <testcase name="bTest3" time="0.002" classname="ui.GroupDemoTest2"/>
  <testcase name="bTest4" time="0.003" classname="ui.GroupDemoTest2"/>
  <testcase name="aTest1" time="0.002" classname="ui.GroupDemoTest2"/>
  <testcase name="bTest2" time="0.002" classname="ui.GroupDemoTest2"/>
</testsuite> <!-- Test Before Suite After Suite -->
